<?xml version="1.0" encoding="UTF-8"?>
<!-- Generated by org.testng.reporters.JUnitXMLReporter -->
<testsuite ignored="0" hostname="DESKTOP-815QQDB" failures="0" tests="6" name="Test" time="0.138" errors="0" timestamp="2022-07-20T15:47:50 IST">
  <testcase classname="qaclickacademy.Mavenjava.RestAPITest" name="deleteTwitter" time="0.013"/>
  <testcase classname="qaclickacademy.Mavenjava.RestAPITest" name="postJira" time="0.003"/>
  <testcase classname="qaclickacademy.Mavenjava.AppiumTest" name="IOSApps" time="0.002"/>
  <testcase classname="qaclickacademy.Mavenjava.AppiumTest" name="NativeAppAndroid" time="0.004"/>
  <testcase classname="qaclickacademy.Mavenjava.SeleniumTest" name="BrowserAutomation" time="0.002"/>
  <testcase classname="qaclickacademy.Mavenjava.SeleniumTest" name="elenmentsUi" time="0.002"/>
</testsuite> <!-- Test -->
