<?xml version="1.0" encoding="UTF-8"?>
<testng-results ignored="0" total="6" passed="6" failed="0" skipped="0">
  <reporter-output>
  </reporter-output>
  <suite started-at="2022-07-20T16:57:39 IST" name="Command line suite" finished-at="2022-07-20T16:57:39 IST" duration-ms="167">
    <groups>
    </groups>
    <test started-at="2022-07-20T16:57:39 IST" name="Command line test" finished-at="2022-07-20T16:57:39 IST" duration-ms="167">
      <class name="qaclickacademy.Mavenjava.RestAPITest">
        <test-method signature="deleteTwitter()[pri:0, instance:qaclickacademy.Mavenjava.RestAPITest@2118cddf]" started-at="2022-07-20T16:57:39 IST" name="deleteTwitter" finished-at="2022-07-20T16:57:39 IST" duration-ms="1" status="PASS">
          <reporter-output>
          </reporter-output>
        </test-method> <!-- deleteTwitter -->
        <test-method signature="postJira()[pri:0, instance:qaclickacademy.Mavenjava.RestAPITest@2118cddf]" started-at="2022-07-20T16:57:39 IST" name="postJira" finished-at="2022-07-20T16:57:39 IST" duration-ms="1" status="PASS">
          <reporter-output>
          </reporter-output>
        </test-method> <!-- postJira -->
      </class> <!-- qaclickacademy.Mavenjava.RestAPITest -->
      <class name="qaclickacademy.Mavenjava.AppiumTest">
        <test-method signature="IOSApps()[pri:0, instance:qaclickacademy.Mavenjava.AppiumTest@3c0be339]" started-at="2022-07-20T16:57:39 IST" name="IOSApps" finished-at="2022-07-20T16:57:39 IST" duration-ms="14" status="PASS">
          <reporter-output>
          </reporter-output>
        </test-method> <!-- IOSApps -->
        <test-method signature="NativeAppAndroid()[pri:0, instance:qaclickacademy.Mavenjava.AppiumTest@3c0be339]" started-at="2022-07-20T16:57:39 IST" name="NativeAppAndroid" finished-at="2022-07-20T16:57:39 IST" duration-ms="1" status="PASS">
          <reporter-output>
          </reporter-output>
        </test-method> <!-- NativeAppAndroid -->
      </class> <!-- qaclickacademy.Mavenjava.AppiumTest -->
      <class name="qaclickacademy.Mavenjava.SeleniumTest">
        <test-method signature="BrowserAutomation()[pri:0, instance:qaclickacademy.Mavenjava.SeleniumTest@17a7f733]" started-at="2022-07-20T16:57:39 IST" name="BrowserAutomation" finished-at="2022-07-20T16:57:39 IST" duration-ms="1" status="PASS">
          <reporter-output>
          </reporter-output>
        </test-method> <!-- BrowserAutomation -->
        <test-method signature="elenmentsUi()[pri:0, instance:qaclickacademy.Mavenjava.SeleniumTest@17a7f733]" started-at="2022-07-20T16:57:39 IST" name="elenmentsUi" finished-at="2022-07-20T16:57:39 IST" duration-ms="1" status="PASS">
          <reporter-output>
          </reporter-output>
        </test-method> <!-- elenmentsUi -->
      </class> <!-- qaclickacademy.Mavenjava.SeleniumTest -->
    </test> <!-- Command line test -->
  </suite> <!-- Command line suite -->
</testng-results>
