<?xml version="1.0" encoding="UTF-8"?>
<testng-results ignored="0" total="6" passed="6" failed="0" skipped="0">
  <reporter-output>
  </reporter-output>
  <suite started-at="2022-07-20T15:47:50 IST" name="Suite" finished-at="2022-07-20T15:47:50 IST" duration-ms="138">
    <groups>
    </groups>
    <test started-at="2022-07-20T15:47:50 IST" name="Test" finished-at="2022-07-20T15:47:50 IST" duration-ms="138">
      <class name="qaclickacademy.Mavenjava.RestAPITest">
        <test-method signature="deleteTwitter()[pri:0, instance:qaclickacademy.Mavenjava.RestAPITest@5ba3f27a]" started-at="2022-07-20T15:47:50 IST" name="deleteTwitter" finished-at="2022-07-20T15:47:50 IST" duration-ms="13" status="PASS">
          <reporter-output>
          </reporter-output>
        </test-method> <!-- deleteTwitter -->
        <test-method signature="postJira()[pri:0, instance:qaclickacademy.Mavenjava.RestAPITest@5ba3f27a]" started-at="2022-07-20T15:47:50 IST" name="postJira" finished-at="2022-07-20T15:47:50 IST" duration-ms="3" status="PASS">
          <reporter-output>
          </reporter-output>
        </test-method> <!-- postJira -->
      </class> <!-- qaclickacademy.Mavenjava.RestAPITest -->
      <class name="qaclickacademy.Mavenjava.AppiumTest">
        <test-method signature="IOSApps()[pri:0, instance:qaclickacademy.Mavenjava.AppiumTest@17497425]" started-at="2022-07-20T15:47:50 IST" name="IOSApps" finished-at="2022-07-20T15:47:50 IST" duration-ms="2" status="PASS">
          <reporter-output>
          </reporter-output>
        </test-method> <!-- IOSApps -->
        <test-method signature="NativeAppAndroid()[pri:0, instance:qaclickacademy.Mavenjava.AppiumTest@17497425]" started-at="2022-07-20T15:47:50 IST" name="NativeAppAndroid" finished-at="2022-07-20T15:47:50 IST" duration-ms="4" status="PASS">
          <reporter-output>
          </reporter-output>
        </test-method> <!-- NativeAppAndroid -->
      </class> <!-- qaclickacademy.Mavenjava.AppiumTest -->
      <class name="qaclickacademy.Mavenjava.SeleniumTest">
        <test-method signature="BrowserAutomation()[pri:0, instance:qaclickacademy.Mavenjava.SeleniumTest@f0da945]" started-at="2022-07-20T15:47:50 IST" name="BrowserAutomation" finished-at="2022-07-20T15:47:50 IST" duration-ms="2" status="PASS">
          <reporter-output>
          </reporter-output>
        </test-method> <!-- BrowserAutomation -->
        <test-method signature="elenmentsUi()[pri:0, instance:qaclickacademy.Mavenjava.SeleniumTest@f0da945]" started-at="2022-07-20T15:47:50 IST" name="elenmentsUi" finished-at="2022-07-20T15:47:50 IST" duration-ms="2" status="PASS">
          <reporter-output>
          </reporter-output>
        </test-method> <!-- elenmentsUi -->
      </class> <!-- qaclickacademy.Mavenjava.SeleniumTest -->
    </test> <!-- Test -->
  </suite> <!-- Suite -->
</testng-results>
